[0.124s] DEBUG:colcon:Command line arguments: ['/usr/bin/colcon', 'build']
[0.124s] DEBUG:colcon:Parsed command line arguments: Namespace(log_base=None, log_level=None, verb_name='build', build_base='build', install_base='install', merge_install=False, symlink_install=False, test_result_base=None, continue_on_error=False, executor='parallel', parallel_workers=8, event_handlers=None, ignore_user_meta=False, metas=['./colcon.meta'], base_paths=['.'], packages_ignore=None, packages_ignore_regex=None, paths=None, packages_up_to=None, packages_up_to_regex=None, packages_above=None, packages_above_and_dependencies=None, packages_above_depth=None, packages_select_by_dep=None, packages_skip_by_dep=None, packages_skip_up_to=None, packages_select_build_failed=False, packages_skip_build_finished=False, packages_select_test_failures=False, packages_skip_test_passed=False, packages_select=None, packages_skip=None, packages_select_regex=None, packages_skip_regex=None, packages_start=None, packages_end=None, allow_overriding=[], cmake_args=None, cmake_target=None, cmake_target_skip_unavailable=False, cmake_clean_cache=False, cmake_clean_first=False, cmake_force_configure=False, ament_cmake_args=None, catkin_cmake_args=None, catkin_skip_building_tests=False, mixin_files=None, mixin=None, verb_parser=<colcon_mixin.mixin.mixin_argument.MixinArgumentDecorator object at 0x756fbfa888b0>, verb_extension=<colcon_core.verb.build.BuildVerb object at 0x756fbfa88400>, main=<bound method BuildVerb.main of <colcon_core.verb.build.BuildVerb object at 0x756fbfa88400>>, mixin_verb=('build',))
[0.159s] Level 1:colcon.colcon_core.package_discovery:discover_packages(colcon_meta) check parameters
[0.159s] Level 1:colcon.colcon_core.package_discovery:discover_packages(recursive) check parameters
[0.159s] Level 1:colcon.colcon_core.package_discovery:discover_packages(ignore) check parameters
[0.159s] Level 1:colcon.colcon_core.package_discovery:discover_packages(path) check parameters
[0.160s] Level 1:colcon.colcon_core.package_discovery:discover_packages(colcon_meta) discover
[0.160s] Level 1:colcon.colcon_core.package_discovery:discover_packages(recursive) discover
[0.160s] INFO:colcon.colcon_core.package_discovery:Crawling recursively for packages in '/home/uhreed/yolo_ws'
[0.160s] Level 1:colcon.colcon_core.package_identification:_identify(.) by extensions ['ignore', 'ignore_ament_install']
[0.160s] Level 1:colcon.colcon_core.package_identification:_identify(.) by extension 'ignore'
[0.160s] Level 1:colcon.colcon_core.package_identification:_identify(.) by extension 'ignore_ament_install'
[0.160s] Level 1:colcon.colcon_core.package_identification:_identify(.) by extensions ['colcon_pkg']
[0.160s] Level 1:colcon.colcon_core.package_identification:_identify(.) by extension 'colcon_pkg'
[0.160s] Level 1:colcon.colcon_core.package_identification:_identify(.) by extensions ['colcon_meta']
[0.160s] Level 1:colcon.colcon_core.package_identification:_identify(.) by extension 'colcon_meta'
[0.160s] Level 1:colcon.colcon_core.package_identification:_identify(.) by extensions ['ros']
[0.160s] Level 1:colcon.colcon_core.package_identification:_identify(.) by extension 'ros'
[0.174s] Level 1:colcon.colcon_core.package_identification:_identify(.) by extensions ['cmake', 'python']
[0.174s] Level 1:colcon.colcon_core.package_identification:_identify(.) by extension 'cmake'
[0.174s] Level 1:colcon.colcon_core.package_identification:_identify(.) by extension 'python'
[0.174s] Level 1:colcon.colcon_core.package_identification:_identify(.) by extensions ['python_setup_py']
[0.174s] Level 1:colcon.colcon_core.package_identification:_identify(.) by extension 'python_setup_py'
[0.174s] Level 1:colcon.colcon_core.package_identification:_identify(build) by extensions ['ignore', 'ignore_ament_install']
[0.174s] Level 1:colcon.colcon_core.package_identification:_identify(build) by extension 'ignore'
[0.175s] Level 1:colcon.colcon_core.package_identification:_identify(build) ignored
[0.175s] Level 1:colcon.colcon_core.package_identification:_identify(install) by extensions ['ignore', 'ignore_ament_install']
[0.175s] Level 1:colcon.colcon_core.package_identification:_identify(install) by extension 'ignore'
[0.175s] Level 1:colcon.colcon_core.package_identification:_identify(install) ignored
[0.175s] Level 1:colcon.colcon_core.package_identification:_identify(log) by extensions ['ignore', 'ignore_ament_install']
[0.175s] Level 1:colcon.colcon_core.package_identification:_identify(log) by extension 'ignore'
[0.175s] Level 1:colcon.colcon_core.package_identification:_identify(log) ignored
[0.175s] Level 1:colcon.colcon_core.package_identification:_identify(src) by extensions ['ignore', 'ignore_ament_install']
[0.175s] Level 1:colcon.colcon_core.package_identification:_identify(src) by extension 'ignore'
[0.175s] Level 1:colcon.colcon_core.package_identification:_identify(src) by extension 'ignore_ament_install'
[0.175s] Level 1:colcon.colcon_core.package_identification:_identify(src) by extensions ['colcon_pkg']
[0.175s] Level 1:colcon.colcon_core.package_identification:_identify(src) by extension 'colcon_pkg'
[0.175s] Level 1:colcon.colcon_core.package_identification:_identify(src) by extensions ['colcon_meta']
[0.175s] Level 1:colcon.colcon_core.package_identification:_identify(src) by extension 'colcon_meta'
[0.175s] Level 1:colcon.colcon_core.package_identification:_identify(src) by extensions ['ros']
[0.175s] Level 1:colcon.colcon_core.package_identification:_identify(src) by extension 'ros'
[0.175s] Level 1:colcon.colcon_core.package_identification:_identify(src) by extensions ['cmake', 'python']
[0.175s] Level 1:colcon.colcon_core.package_identification:_identify(src) by extension 'cmake'
[0.176s] Level 1:colcon.colcon_core.package_identification:_identify(src) by extension 'python'
[0.176s] Level 1:colcon.colcon_core.package_identification:_identify(src) by extensions ['python_setup_py']
[0.176s] Level 1:colcon.colcon_core.package_identification:_identify(src) by extension 'python_setup_py'
[0.176s] Level 1:colcon.colcon_core.package_identification:_identify(src/depth_estimation_pkg) by extensions ['ignore', 'ignore_ament_install']
[0.176s] Level 1:colcon.colcon_core.package_identification:_identify(src/depth_estimation_pkg) by extension 'ignore'
[0.176s] Level 1:colcon.colcon_core.package_identification:_identify(src/depth_estimation_pkg) by extension 'ignore_ament_install'
[0.176s] Level 1:colcon.colcon_core.package_identification:_identify(src/depth_estimation_pkg) by extensions ['colcon_pkg']
[0.176s] Level 1:colcon.colcon_core.package_identification:_identify(src/depth_estimation_pkg) by extension 'colcon_pkg'
[0.176s] Level 1:colcon.colcon_core.package_identification:_identify(src/depth_estimation_pkg) by extensions ['colcon_meta']
[0.176s] Level 1:colcon.colcon_core.package_identification:_identify(src/depth_estimation_pkg) by extension 'colcon_meta'
[0.176s] Level 1:colcon.colcon_core.package_identification:_identify(src/depth_estimation_pkg) by extensions ['ros']
[0.176s] Level 1:colcon.colcon_core.package_identification:_identify(src/depth_estimation_pkg) by extension 'ros'
[0.178s] DEBUG:colcon.colcon_core.package_identification:Package 'src/depth_estimation_pkg' with type 'ros.ament_python' and name 'depth_estimation_pkg'
[0.178s] Level 1:colcon.colcon_core.package_identification:_identify(src/yolo_subscriber) by extensions ['ignore', 'ignore_ament_install']
[0.178s] Level 1:colcon.colcon_core.package_identification:_identify(src/yolo_subscriber) by extension 'ignore'
[0.179s] Level 1:colcon.colcon_core.package_identification:_identify(src/yolo_subscriber) by extension 'ignore_ament_install'
[0.179s] Level 1:colcon.colcon_core.package_identification:_identify(src/yolo_subscriber) by extensions ['colcon_pkg']
[0.179s] Level 1:colcon.colcon_core.package_identification:_identify(src/yolo_subscriber) by extension 'colcon_pkg'
[0.179s] Level 1:colcon.colcon_core.package_identification:_identify(src/yolo_subscriber) by extensions ['colcon_meta']
[0.179s] Level 1:colcon.colcon_core.package_identification:_identify(src/yolo_subscriber) by extension 'colcon_meta'
[0.179s] Level 1:colcon.colcon_core.package_identification:_identify(src/yolo_subscriber) by extensions ['ros']
[0.179s] Level 1:colcon.colcon_core.package_identification:_identify(src/yolo_subscriber) by extension 'ros'
[0.179s] DEBUG:colcon.colcon_core.package_identification:Package 'src/yolo_subscriber' with type 'ros.ament_python' and name 'yolo_subscriber'
[0.179s] Level 1:colcon.colcon_core.package_discovery:discover_packages(recursive) using defaults
[0.180s] Level 1:colcon.colcon_core.package_discovery:discover_packages(ignore) discover
[0.180s] Level 1:colcon.colcon_core.package_discovery:discover_packages(ignore) using defaults
[0.180s] Level 1:colcon.colcon_core.package_discovery:discover_packages(path) discover
[0.180s] Level 1:colcon.colcon_core.package_discovery:discover_packages(path) using defaults
[0.198s] Level 1:colcon.colcon_core.package_discovery:discover_packages(prefix_path) check parameters
[0.198s] Level 1:colcon.colcon_core.package_discovery:discover_packages(prefix_path) discover
[0.200s] DEBUG:colcon.colcon_installed_package_information.package_discovery:Found 2 installed packages in /home/uhreed/yolo_ws/install
[0.202s] DEBUG:colcon.colcon_installed_package_information.package_discovery:Found 422 installed packages in /opt/ros/humble
[0.203s] Level 1:colcon.colcon_core.package_discovery:discover_packages(prefix_path) using defaults
[0.254s] Level 5:colcon.colcon_core.verb:set package 'depth_estimation_pkg' build argument 'cmake_args' from command line to 'None'
[0.254s] Level 5:colcon.colcon_core.verb:set package 'depth_estimation_pkg' build argument 'cmake_target' from command line to 'None'
[0.254s] Level 5:colcon.colcon_core.verb:set package 'depth_estimation_pkg' build argument 'cmake_target_skip_unavailable' from command line to 'False'
[0.254s] Level 5:colcon.colcon_core.verb:set package 'depth_estimation_pkg' build argument 'cmake_clean_cache' from command line to 'False'
[0.254s] Level 5:colcon.colcon_core.verb:set package 'depth_estimation_pkg' build argument 'cmake_clean_first' from command line to 'False'
[0.254s] Level 5:colcon.colcon_core.verb:set package 'depth_estimation_pkg' build argument 'cmake_force_configure' from command line to 'False'
[0.254s] Level 5:colcon.colcon_core.verb:set package 'depth_estimation_pkg' build argument 'ament_cmake_args' from command line to 'None'
[0.254s] Level 5:colcon.colcon_core.verb:set package 'depth_estimation_pkg' build argument 'catkin_cmake_args' from command line to 'None'
[0.254s] Level 5:colcon.colcon_core.verb:set package 'depth_estimation_pkg' build argument 'catkin_skip_building_tests' from command line to 'False'
[0.254s] DEBUG:colcon.colcon_core.verb:Building package 'depth_estimation_pkg' with the following arguments: {'ament_cmake_args': None, 'build_base': '/home/uhreed/yolo_ws/build/depth_estimation_pkg', 'catkin_cmake_args': None, 'catkin_skip_building_tests': False, 'cmake_args': None, 'cmake_clean_cache': False, 'cmake_clean_first': False, 'cmake_force_configure': False, 'cmake_target': None, 'cmake_target_skip_unavailable': False, 'install_base': '/home/uhreed/yolo_ws/install/depth_estimation_pkg', 'merge_install': False, 'path': '/home/uhreed/yolo_ws/src/depth_estimation_pkg', 'symlink_install': False, 'test_result_base': None}
[0.254s] Level 5:colcon.colcon_core.verb:set package 'yolo_subscriber' build argument 'cmake_args' from command line to 'None'
[0.254s] Level 5:colcon.colcon_core.verb:set package 'yolo_subscriber' build argument 'cmake_target' from command line to 'None'
[0.254s] Level 5:colcon.colcon_core.verb:set package 'yolo_subscriber' build argument 'cmake_target_skip_unavailable' from command line to 'False'
[0.254s] Level 5:colcon.colcon_core.verb:set package 'yolo_subscriber' build argument 'cmake_clean_cache' from command line to 'False'
[0.254s] Level 5:colcon.colcon_core.verb:set package 'yolo_subscriber' build argument 'cmake_clean_first' from command line to 'False'
[0.254s] Level 5:colcon.colcon_core.verb:set package 'yolo_subscriber' build argument 'cmake_force_configure' from command line to 'False'
[0.254s] Level 5:colcon.colcon_core.verb:set package 'yolo_subscriber' build argument 'ament_cmake_args' from command line to 'None'
[0.254s] Level 5:colcon.colcon_core.verb:set package 'yolo_subscriber' build argument 'catkin_cmake_args' from command line to 'None'
[0.254s] Level 5:colcon.colcon_core.verb:set package 'yolo_subscriber' build argument 'catkin_skip_building_tests' from command line to 'False'
[0.254s] DEBUG:colcon.colcon_core.verb:Building package 'yolo_subscriber' with the following arguments: {'ament_cmake_args': None, 'build_base': '/home/uhreed/yolo_ws/build/yolo_subscriber', 'catkin_cmake_args': None, 'catkin_skip_building_tests': False, 'cmake_args': None, 'cmake_clean_cache': False, 'cmake_clean_first': False, 'cmake_force_configure': False, 'cmake_target': None, 'cmake_target_skip_unavailable': False, 'install_base': '/home/uhreed/yolo_ws/install/yolo_subscriber', 'merge_install': False, 'path': '/home/uhreed/yolo_ws/src/yolo_subscriber', 'symlink_install': False, 'test_result_base': None}
[0.255s] INFO:colcon.colcon_core.executor:Executing jobs using 'parallel' executor
[0.256s] DEBUG:colcon.colcon_parallel_executor.executor.parallel:run_until_complete
[0.256s] INFO:colcon.colcon_ros.task.ament_python.build:Building ROS package in '/home/uhreed/yolo_ws/src/depth_estimation_pkg' with build type 'ament_python'
[0.256s] Level 1:colcon.colcon_core.shell:create_environment_hook('depth_estimation_pkg', 'ament_prefix_path')
[0.258s] INFO:colcon.colcon_core.plugin_system:Skipping extension 'colcon_core.shell.bat': Not used on non-Windows systems
[0.258s] INFO:colcon.colcon_core.shell:Creating environment hook '/home/uhreed/yolo_ws/install/depth_estimation_pkg/share/depth_estimation_pkg/hook/ament_prefix_path.ps1'
[0.259s] INFO:colcon.colcon_core.shell:Creating environment descriptor '/home/uhreed/yolo_ws/install/depth_estimation_pkg/share/depth_estimation_pkg/hook/ament_prefix_path.dsv'
[0.259s] INFO:colcon.colcon_core.shell:Creating environment hook '/home/uhreed/yolo_ws/install/depth_estimation_pkg/share/depth_estimation_pkg/hook/ament_prefix_path.sh'
[0.260s] INFO:colcon.colcon_core.shell:Skip shell extension 'powershell' for command environment: Not usable outside of PowerShell
[0.260s] DEBUG:colcon.colcon_core.shell:Skip shell extension 'dsv' for command environment
[0.264s] INFO:colcon.colcon_ros.task.ament_python.build:Building ROS package in '/home/uhreed/yolo_ws/src/yolo_subscriber' with build type 'ament_python'
[0.264s] Level 1:colcon.colcon_core.shell:create_environment_hook('yolo_subscriber', 'ament_prefix_path')
[0.264s] INFO:colcon.colcon_core.shell:Creating environment hook '/home/uhreed/yolo_ws/install/yolo_subscriber/share/yolo_subscriber/hook/ament_prefix_path.ps1'
[0.265s] INFO:colcon.colcon_core.shell:Creating environment descriptor '/home/uhreed/yolo_ws/install/yolo_subscriber/share/yolo_subscriber/hook/ament_prefix_path.dsv'
[0.265s] INFO:colcon.colcon_core.shell:Creating environment hook '/home/uhreed/yolo_ws/install/yolo_subscriber/share/yolo_subscriber/hook/ament_prefix_path.sh'
[0.266s] INFO:colcon.colcon_core.shell:Skip shell extension 'powershell' for command environment: Not usable outside of PowerShell
[0.266s] DEBUG:colcon.colcon_core.shell:Skip shell extension 'dsv' for command environment
[0.496s] INFO:colcon.colcon_core.task.python.build:Building Python package in '/home/uhreed/yolo_ws/src/depth_estimation_pkg'
[0.496s] INFO:colcon.colcon_core.shell:Skip shell extension 'powershell' for command environment: Not usable outside of PowerShell
[0.496s] DEBUG:colcon.colcon_core.shell:Skip shell extension 'dsv' for command environment
[0.761s] INFO:colcon.colcon_core.task.python.build:Building Python package in '/home/uhreed/yolo_ws/src/yolo_subscriber'
[0.761s] INFO:colcon.colcon_core.shell:Skip shell extension 'powershell' for command environment: Not usable outside of PowerShell
[0.761s] DEBUG:colcon.colcon_core.shell:Skip shell extension 'dsv' for command environment
[1.473s] DEBUG:colcon.colcon_core.event_handler.log_command:Invoking command in '/home/uhreed/yolo_ws/src/yolo_subscriber': PYTHONPATH=/home/uhreed/yolo_ws/build/yolo_subscriber/prefix_override:/usr/lib/python3/dist-packages/colcon_core/task/python/colcon_distutils_commands:/home/uhreed/yolo_ws/install/yolo_subscriber/lib/python3.10/site-packages:${PYTHONPATH} /usr/bin/python3 -W ignore:setup.py install is deprecated -W ignore:easy_install command is deprecated setup.py egg_info --egg-base ../../build/yolo_subscriber build --build-base /home/uhreed/yolo_ws/build/yolo_subscriber/build install --record /home/uhreed/yolo_ws/build/yolo_subscriber/install.log --single-version-externally-managed install_data
[1.499s] DEBUG:colcon.colcon_core.event_handler.log_command:Invoking command in '/home/uhreed/yolo_ws/src/depth_estimation_pkg': PYTHONPATH=/home/uhreed/yolo_ws/build/depth_estimation_pkg/prefix_override:/usr/lib/python3/dist-packages/colcon_core/task/python/colcon_distutils_commands:/home/uhreed/yolo_ws/install/depth_estimation_pkg/lib/python3.10/site-packages:${PYTHONPATH} /usr/bin/python3 -W ignore:setup.py install is deprecated -W ignore:easy_install command is deprecated setup.py egg_info --egg-base ../../build/depth_estimation_pkg build --build-base /home/uhreed/yolo_ws/build/depth_estimation_pkg/build install --record /home/uhreed/yolo_ws/build/depth_estimation_pkg/install.log --single-version-externally-managed install_data
[2.099s] DEBUG:colcon.colcon_core.event_handler.log_command:Invoked command in '/home/uhreed/yolo_ws/src/yolo_subscriber' returned '0': PYTHONPATH=/home/uhreed/yolo_ws/build/yolo_subscriber/prefix_override:/usr/lib/python3/dist-packages/colcon_core/task/python/colcon_distutils_commands:/home/uhreed/yolo_ws/install/yolo_subscriber/lib/python3.10/site-packages:${PYTHONPATH} /usr/bin/python3 -W ignore:setup.py install is deprecated -W ignore:easy_install command is deprecated setup.py egg_info --egg-base ../../build/yolo_subscriber build --build-base /home/uhreed/yolo_ws/build/yolo_subscriber/build install --record /home/uhreed/yolo_ws/build/yolo_subscriber/install.log --single-version-externally-managed install_data
[2.101s] Level 1:colcon.colcon_core.environment:checking '/home/uhreed/yolo_ws/install/yolo_subscriber' for CMake module files
[2.101s] Level 1:colcon.colcon_core.environment:checking '/home/uhreed/yolo_ws/install/yolo_subscriber' for CMake config files
[2.102s] Level 1:colcon.colcon_core.environment:checking '/home/uhreed/yolo_ws/install/yolo_subscriber/lib'
[2.102s] Level 1:colcon.colcon_core.environment:checking '/home/uhreed/yolo_ws/install/yolo_subscriber/bin'
[2.102s] Level 1:colcon.colcon_core.environment:checking '/home/uhreed/yolo_ws/install/yolo_subscriber/lib/pkgconfig/yolo_subscriber.pc'
[2.102s] Level 1:colcon.colcon_core.environment:checking '/home/uhreed/yolo_ws/install/yolo_subscriber/lib/python3.10/site-packages'
[2.102s] Level 1:colcon.colcon_core.shell:create_environment_hook('yolo_subscriber', 'pythonpath')
[2.103s] INFO:colcon.colcon_core.shell:Creating environment hook '/home/uhreed/yolo_ws/install/yolo_subscriber/share/yolo_subscriber/hook/pythonpath.ps1'
[2.103s] INFO:colcon.colcon_core.shell:Creating environment descriptor '/home/uhreed/yolo_ws/install/yolo_subscriber/share/yolo_subscriber/hook/pythonpath.dsv'
[2.104s] INFO:colcon.colcon_core.shell:Creating environment hook '/home/uhreed/yolo_ws/install/yolo_subscriber/share/yolo_subscriber/hook/pythonpath.sh'
[2.104s] Level 1:colcon.colcon_core.environment:checking '/home/uhreed/yolo_ws/install/yolo_subscriber/bin'
[2.104s] Level 1:colcon.colcon_core.environment:create_environment_scripts_only(yolo_subscriber)
[2.105s] INFO:colcon.colcon_core.shell:Creating package script '/home/uhreed/yolo_ws/install/yolo_subscriber/share/yolo_subscriber/package.ps1'
[2.105s] INFO:colcon.colcon_core.shell:Creating package descriptor '/home/uhreed/yolo_ws/install/yolo_subscriber/share/yolo_subscriber/package.dsv'
[2.106s] INFO:colcon.colcon_core.shell:Creating package script '/home/uhreed/yolo_ws/install/yolo_subscriber/share/yolo_subscriber/package.sh'
[2.107s] INFO:colcon.colcon_core.shell:Creating package script '/home/uhreed/yolo_ws/install/yolo_subscriber/share/yolo_subscriber/package.bash'
[2.108s] INFO:colcon.colcon_core.shell:Creating package script '/home/uhreed/yolo_ws/install/yolo_subscriber/share/yolo_subscriber/package.zsh'
[2.109s] Level 1:colcon.colcon_core.environment:create_file_with_runtime_dependencies(/home/uhreed/yolo_ws/install/yolo_subscriber/share/colcon-core/packages/yolo_subscriber)
[2.127s] Level 1:colcon.colcon_core.environment:checking '/home/uhreed/yolo_ws/install/depth_estimation_pkg' for CMake module files
[2.127s] DEBUG:colcon.colcon_core.event_handler.log_command:Invoked command in '/home/uhreed/yolo_ws/src/depth_estimation_pkg' returned '0': PYTHONPATH=/home/uhreed/yolo_ws/build/depth_estimation_pkg/prefix_override:/usr/lib/python3/dist-packages/colcon_core/task/python/colcon_distutils_commands:/home/uhreed/yolo_ws/install/depth_estimation_pkg/lib/python3.10/site-packages:${PYTHONPATH} /usr/bin/python3 -W ignore:setup.py install is deprecated -W ignore:easy_install command is deprecated setup.py egg_info --egg-base ../../build/depth_estimation_pkg build --build-base /home/uhreed/yolo_ws/build/depth_estimation_pkg/build install --record /home/uhreed/yolo_ws/build/depth_estimation_pkg/install.log --single-version-externally-managed install_data
[2.127s] Level 1:colcon.colcon_core.environment:checking '/home/uhreed/yolo_ws/install/depth_estimation_pkg' for CMake config files
[2.128s] Level 1:colcon.colcon_core.environment:checking '/home/uhreed/yolo_ws/install/depth_estimation_pkg/lib'
[2.128s] Level 1:colcon.colcon_core.environment:checking '/home/uhreed/yolo_ws/install/depth_estimation_pkg/bin'
[2.128s] Level 1:colcon.colcon_core.environment:checking '/home/uhreed/yolo_ws/install/depth_estimation_pkg/lib/pkgconfig/depth_estimation_pkg.pc'
[2.128s] Level 1:colcon.colcon_core.environment:checking '/home/uhreed/yolo_ws/install/depth_estimation_pkg/lib/python3.10/site-packages'
[2.128s] Level 1:colcon.colcon_core.shell:create_environment_hook('depth_estimation_pkg', 'pythonpath')
[2.128s] INFO:colcon.colcon_core.shell:Creating environment hook '/home/uhreed/yolo_ws/install/depth_estimation_pkg/share/depth_estimation_pkg/hook/pythonpath.ps1'
[2.129s] INFO:colcon.colcon_core.shell:Creating environment descriptor '/home/uhreed/yolo_ws/install/depth_estimation_pkg/share/depth_estimation_pkg/hook/pythonpath.dsv'
[2.129s] INFO:colcon.colcon_core.shell:Creating environment hook '/home/uhreed/yolo_ws/install/depth_estimation_pkg/share/depth_estimation_pkg/hook/pythonpath.sh'
[2.130s] Level 1:colcon.colcon_core.environment:checking '/home/uhreed/yolo_ws/install/depth_estimation_pkg/bin'
[2.130s] Level 1:colcon.colcon_core.environment:create_environment_scripts_only(depth_estimation_pkg)
[2.130s] INFO:colcon.colcon_core.shell:Creating package script '/home/uhreed/yolo_ws/install/depth_estimation_pkg/share/depth_estimation_pkg/package.ps1'
[2.131s] INFO:colcon.colcon_core.shell:Creating package descriptor '/home/uhreed/yolo_ws/install/depth_estimation_pkg/share/depth_estimation_pkg/package.dsv'
[2.131s] INFO:colcon.colcon_core.shell:Creating package script '/home/uhreed/yolo_ws/install/depth_estimation_pkg/share/depth_estimation_pkg/package.sh'
[2.132s] INFO:colcon.colcon_core.shell:Creating package script '/home/uhreed/yolo_ws/install/depth_estimation_pkg/share/depth_estimation_pkg/package.bash'
[2.132s] INFO:colcon.colcon_core.shell:Creating package script '/home/uhreed/yolo_ws/install/depth_estimation_pkg/share/depth_estimation_pkg/package.zsh'
[2.132s] Level 1:colcon.colcon_core.environment:create_file_with_runtime_dependencies(/home/uhreed/yolo_ws/install/depth_estimation_pkg/share/colcon-core/packages/depth_estimation_pkg)
[2.132s] DEBUG:colcon.colcon_parallel_executor.executor.parallel:closing loop
[2.133s] DEBUG:colcon.colcon_parallel_executor.executor.parallel:loop closed
[2.133s] DEBUG:colcon.colcon_parallel_executor.executor.parallel:run_until_complete finished with '0'
[2.133s] DEBUG:colcon.colcon_core.event_reactor:joining thread
[2.146s] INFO:colcon.colcon_core.plugin_system:Skipping extension 'colcon_notification.desktop_notification.terminal_notifier': Not used on non-Darwin systems
[2.146s] INFO:colcon.colcon_core.plugin_system:Skipping extension 'colcon_notification.desktop_notification.win32': Not used on non-Windows systems
[2.147s] INFO:colcon.colcon_notification.desktop_notification:Sending desktop notification using 'notify2'
[2.161s] DEBUG:colcon.colcon_core.event_reactor:joined thread
[2.161s] INFO:colcon.colcon_core.shell:Creating prefix script '/home/uhreed/yolo_ws/install/local_setup.ps1'
[2.162s] INFO:colcon.colcon_core.shell:Creating prefix util module '/home/uhreed/yolo_ws/install/_local_setup_util_ps1.py'
[2.163s] INFO:colcon.colcon_core.shell:Creating prefix chain script '/home/uhreed/yolo_ws/install/setup.ps1'
[2.164s] INFO:colcon.colcon_core.shell:Creating prefix script '/home/uhreed/yolo_ws/install/local_setup.sh'
[2.165s] INFO:colcon.colcon_core.shell:Creating prefix util module '/home/uhreed/yolo_ws/install/_local_setup_util_sh.py'
[2.166s] INFO:colcon.colcon_core.shell:Creating prefix chain script '/home/uhreed/yolo_ws/install/setup.sh'
[2.167s] INFO:colcon.colcon_core.shell:Creating prefix script '/home/uhreed/yolo_ws/install/local_setup.bash'
[2.167s] INFO:colcon.colcon_core.shell:Creating prefix chain script '/home/uhreed/yolo_ws/install/setup.bash'
[2.168s] INFO:colcon.colcon_core.shell:Creating prefix script '/home/uhreed/yolo_ws/install/local_setup.zsh'
[2.169s] INFO:colcon.colcon_core.shell:Creating prefix chain script '/home/uhreed/yolo_ws/install/setup.zsh'
