[0.900s] Invoking command in '/home/uhreed/yolo_ws/src/camera_calibration_pkg': PYTHONPATH=/home/uhreed/yolo_ws/build/camera_calibration_pkg/prefix_override:/usr/lib/python3/dist-packages/colcon_core/task/python/colcon_distutils_commands:/home/uhreed/yolo_ws/install/camera_calibration_pkg/lib/python3.10/site-packages:${PYTHONPATH} /usr/bin/python3 -W ignore:setup.py install is deprecated -W ignore:easy_install command is deprecated setup.py egg_info --egg-base ../../build/camera_calibration_pkg build --build-base /home/uhreed/yolo_ws/build/camera_calibration_pkg/build install --record /home/uhreed/yolo_ws/build/camera_calibration_pkg/install.log --single-version-externally-managed install_data
[1.269s] running egg_info
[1.296s] writing ../../build/camera_calibration_pkg/camera_calibration_pkg.egg-info/PKG-INFO
[1.296s] writing dependency_links to ../../build/camera_calibration_pkg/camera_calibration_pkg.egg-info/dependency_links.txt
[1.296s] writing entry points to ../../build/camera_calibration_pkg/camera_calibration_pkg.egg-info/entry_points.txt
[1.296s] writing requirements to ../../build/camera_calibration_pkg/camera_calibration_pkg.egg-info/requires.txt
[1.297s] writing top-level names to ../../build/camera_calibration_pkg/camera_calibration_pkg.egg-info/top_level.txt
[1.349s] reading manifest file '../../build/camera_calibration_pkg/camera_calibration_pkg.egg-info/SOURCES.txt'
[1.350s] writing manifest file '../../build/camera_calibration_pkg/camera_calibration_pkg.egg-info/SOURCES.txt'
[1.350s] running build
[1.350s] running build_py
[1.350s] copying camera_calibration_pkg/camera_calibrator.py -> /home/uhreed/yolo_ws/build/camera_calibration_pkg/build/lib/camera_calibration_pkg
[1.351s] running install
[1.357s] running install_lib
[1.384s] copying /home/uhreed/yolo_ws/build/camera_calibration_pkg/build/lib/camera_calibration_pkg/camera_calibrator.py -> /home/uhreed/yolo_ws/install/camera_calibration_pkg/lib/python3.10/site-packages/camera_calibration_pkg
[1.385s] byte-compiling /home/uhreed/yolo_ws/install/camera_calibration_pkg/lib/python3.10/site-packages/camera_calibration_pkg/camera_calibrator.py to camera_calibrator.cpython-310.pyc
[1.385s] running install_data
[1.385s] running install_egg_info
[1.409s] removing '/home/uhreed/yolo_ws/install/camera_calibration_pkg/lib/python3.10/site-packages/camera_calibration_pkg-0.0.0-py3.10.egg-info' (and everything under it)
[1.409s] Copying ../../build/camera_calibration_pkg/camera_calibration_pkg.egg-info to /home/uhreed/yolo_ws/install/camera_calibration_pkg/lib/python3.10/site-packages/camera_calibration_pkg-0.0.0-py3.10.egg-info
[1.410s] running install_scripts
[1.606s] Installing camera_calibrator script to /home/uhreed/yolo_ws/install/camera_calibration_pkg/lib/camera_calibration_pkg
[1.606s] writing list of installed files to '/home/uhreed/yolo_ws/build/camera_calibration_pkg/install.log'
[1.635s] Invoked command in '/home/uhreed/yolo_ws/src/camera_calibration_pkg' returned '0': PYTHONPATH=/home/uhreed/yolo_ws/build/camera_calibration_pkg/prefix_override:/usr/lib/python3/dist-packages/colcon_core/task/python/colcon_distutils_commands:/home/uhreed/yolo_ws/install/camera_calibration_pkg/lib/python3.10/site-packages:${PYTHONPATH} /usr/bin/python3 -W ignore:setup.py install is deprecated -W ignore:easy_install command is deprecated setup.py egg_info --egg-base ../../build/camera_calibration_pkg build --build-base /home/uhreed/yolo_ws/build/camera_calibration_pkg/build install --record /home/uhreed/yolo_ws/build/camera_calibration_pkg/install.log --single-version-externally-managed install_data
