running egg_info
writing ../../build/camera_calibration_pkg/camera_calibration_pkg.egg-info/PKG-INFO
writing dependency_links to ../../build/camera_calibration_pkg/camera_calibration_pkg.egg-info/dependency_links.txt
writing entry points to ../../build/camera_calibration_pkg/camera_calibration_pkg.egg-info/entry_points.txt
writing requirements to ../../build/camera_calibration_pkg/camera_calibration_pkg.egg-info/requires.txt
writing top-level names to ../../build/camera_calibration_pkg/camera_calibration_pkg.egg-info/top_level.txt
reading manifest file '../../build/camera_calibration_pkg/camera_calibration_pkg.egg-info/SOURCES.txt'
writing manifest file '../../build/camera_calibration_pkg/camera_calibration_pkg.egg-info/SOURCES.txt'
running build
running build_py
copying camera_calibration_pkg/camera_calibrator.py -> /home/uhreed/yolo_ws/build/camera_calibration_pkg/build/lib/camera_calibration_pkg
running install
running install_lib
copying /home/uhreed/yolo_ws/build/camera_calibration_pkg/build/lib/camera_calibration_pkg/camera_calibrator.py -> /home/uhreed/yolo_ws/install/camera_calibration_pkg/lib/python3.10/site-packages/camera_calibration_pkg
byte-compiling /home/uhreed/yolo_ws/install/camera_calibration_pkg/lib/python3.10/site-packages/camera_calibration_pkg/camera_calibrator.py to camera_calibrator.cpython-310.pyc
running install_data
running install_egg_info
removing '/home/uhreed/yolo_ws/install/camera_calibration_pkg/lib/python3.10/site-packages/camera_calibration_pkg-0.0.0-py3.10.egg-info' (and everything under it)
Copying ../../build/camera_calibration_pkg/camera_calibration_pkg.egg-info to /home/uhreed/yolo_ws/install/camera_calibration_pkg/lib/python3.10/site-packages/camera_calibration_pkg-0.0.0-py3.10.egg-info
running install_scripts
Installing camera_calibrator script to /home/uhreed/yolo_ws/install/camera_calibration_pkg/lib/camera_calibration_pkg
writing list of installed files to '/home/uhreed/yolo_ws/build/camera_calibration_pkg/install.log'
