running egg_info
creating ../../build/depth_estimation_pkg/depth_estimation_pkg.egg-info
writing ../../build/depth_estimation_pkg/depth_estimation_pkg.egg-info/PKG-INFO
writing dependency_links to ../../build/depth_estimation_pkg/depth_estimation_pkg.egg-info/dependency_links.txt
writing entry points to ../../build/depth_estimation_pkg/depth_estimation_pkg.egg-info/entry_points.txt
writing requirements to ../../build/depth_estimation_pkg/depth_estimation_pkg.egg-info/requires.txt
writing top-level names to ../../build/depth_estimation_pkg/depth_estimation_pkg.egg-info/top_level.txt
writing manifest file '../../build/depth_estimation_pkg/depth_estimation_pkg.egg-info/SOURCES.txt'
reading manifest file '../../build/depth_estimation_pkg/depth_estimation_pkg.egg-info/SOURCES.txt'
writing manifest file '../../build/depth_estimation_pkg/depth_estimation_pkg.egg-info/SOURCES.txt'
running build
running build_py
creating /home/uhreed/yolo_ws/build/depth_estimation_pkg/build
creating /home/uhreed/yolo_ws/build/depth_estimation_pkg/build/lib
creating /home/uhreed/yolo_ws/build/depth_estimation_pkg/build/lib/depth_estimation_pkg
copying depth_estimation_pkg/subscriber_depth.py -> /home/uhreed/yolo_ws/build/depth_estimation_pkg/build/lib/depth_estimation_pkg
copying depth_estimation_pkg/__init__.py -> /home/uhreed/yolo_ws/build/depth_estimation_pkg/build/lib/depth_estimation_pkg
running install
running install_lib
creating /home/uhreed/yolo_ws/install/depth_estimation_pkg/lib/python3.10/site-packages/depth_estimation_pkg
copying /home/uhreed/yolo_ws/build/depth_estimation_pkg/build/lib/depth_estimation_pkg/subscriber_depth.py -> /home/uhreed/yolo_ws/install/depth_estimation_pkg/lib/python3.10/site-packages/depth_estimation_pkg
copying /home/uhreed/yolo_ws/build/depth_estimation_pkg/build/lib/depth_estimation_pkg/__init__.py -> /home/uhreed/yolo_ws/install/depth_estimation_pkg/lib/python3.10/site-packages/depth_estimation_pkg
byte-compiling /home/uhreed/yolo_ws/install/depth_estimation_pkg/lib/python3.10/site-packages/depth_estimation_pkg/subscriber_depth.py to subscriber_depth.cpython-310.pyc
byte-compiling /home/uhreed/yolo_ws/install/depth_estimation_pkg/lib/python3.10/site-packages/depth_estimation_pkg/__init__.py to __init__.cpython-310.pyc
running install_data
creating /home/uhreed/yolo_ws/install/depth_estimation_pkg/share/ament_index
creating /home/uhreed/yolo_ws/install/depth_estimation_pkg/share/ament_index/resource_index
creating /home/uhreed/yolo_ws/install/depth_estimation_pkg/share/ament_index/resource_index/packages
copying resource/depth_estimation_pkg -> /home/uhreed/yolo_ws/install/depth_estimation_pkg/share/ament_index/resource_index/packages
copying package.xml -> /home/uhreed/yolo_ws/install/depth_estimation_pkg/share/depth_estimation_pkg
running install_egg_info
Copying ../../build/depth_estimation_pkg/depth_estimation_pkg.egg-info to /home/uhreed/yolo_ws/install/depth_estimation_pkg/lib/python3.10/site-packages/depth_estimation_pkg-0.0.0-py3.10.egg-info
running install_scripts
Installing depth_subscriber script to /home/uhreed/yolo_ws/install/depth_estimation_pkg/lib/depth_estimation_pkg
writing list of installed files to '/home/uhreed/yolo_ws/build/depth_estimation_pkg/install.log'
