[1.076s] Invoking command in '/home/uhreed/yolo_ws/src/depth_estimation_pkg': PYTHONPATH=/home/uhreed/yolo_ws/build/depth_estimation_pkg/prefix_override:/usr/lib/python3/dist-packages/colcon_core/task/python/colcon_distutils_commands:/home/uhreed/yolo_ws/install/depth_estimation_pkg/lib/python3.10/site-packages:${PYTHONPATH} /usr/bin/python3 -W ignore:setup.py install is deprecated -W ignore:easy_install command is deprecated setup.py egg_info --egg-base ../../build/depth_estimation_pkg build --build-base /home/uhreed/yolo_ws/build/depth_estimation_pkg/build install --record /home/uhreed/yolo_ws/build/depth_estimation_pkg/install.log --single-version-externally-managed install_data
[1.355s] running egg_info
[1.355s] creating ../../build/depth_estimation_pkg/depth_estimation_pkg.egg-info
[1.374s] writing ../../build/depth_estimation_pkg/depth_estimation_pkg.egg-info/PKG-INFO
[1.375s] writing dependency_links to ../../build/depth_estimation_pkg/depth_estimation_pkg.egg-info/dependency_links.txt
[1.375s] writing entry points to ../../build/depth_estimation_pkg/depth_estimation_pkg.egg-info/entry_points.txt
[1.375s] writing requirements to ../../build/depth_estimation_pkg/depth_estimation_pkg.egg-info/requires.txt
[1.376s] writing top-level names to ../../build/depth_estimation_pkg/depth_estimation_pkg.egg-info/top_level.txt
[1.376s] writing manifest file '../../build/depth_estimation_pkg/depth_estimation_pkg.egg-info/SOURCES.txt'
[1.415s] reading manifest file '../../build/depth_estimation_pkg/depth_estimation_pkg.egg-info/SOURCES.txt'
[1.416s] writing manifest file '../../build/depth_estimation_pkg/depth_estimation_pkg.egg-info/SOURCES.txt'
[1.416s] running build
[1.416s] running build_py
[1.417s] creating /home/uhreed/yolo_ws/build/depth_estimation_pkg/build
[1.417s] creating /home/uhreed/yolo_ws/build/depth_estimation_pkg/build/lib
[1.417s] creating /home/uhreed/yolo_ws/build/depth_estimation_pkg/build/lib/depth_estimation_pkg
[1.417s] copying depth_estimation_pkg/subscriber_depth.py -> /home/uhreed/yolo_ws/build/depth_estimation_pkg/build/lib/depth_estimation_pkg
[1.417s] copying depth_estimation_pkg/__init__.py -> /home/uhreed/yolo_ws/build/depth_estimation_pkg/build/lib/depth_estimation_pkg
[1.417s] running install
[1.423s] running install_lib
[1.443s] creating /home/uhreed/yolo_ws/install/depth_estimation_pkg/lib/python3.10/site-packages/depth_estimation_pkg
[1.444s] copying /home/uhreed/yolo_ws/build/depth_estimation_pkg/build/lib/depth_estimation_pkg/subscriber_depth.py -> /home/uhreed/yolo_ws/install/depth_estimation_pkg/lib/python3.10/site-packages/depth_estimation_pkg
[1.444s] copying /home/uhreed/yolo_ws/build/depth_estimation_pkg/build/lib/depth_estimation_pkg/__init__.py -> /home/uhreed/yolo_ws/install/depth_estimation_pkg/lib/python3.10/site-packages/depth_estimation_pkg
[1.444s] byte-compiling /home/uhreed/yolo_ws/install/depth_estimation_pkg/lib/python3.10/site-packages/depth_estimation_pkg/subscriber_depth.py to subscriber_depth.cpython-310.pyc
[1.445s] byte-compiling /home/uhreed/yolo_ws/install/depth_estimation_pkg/lib/python3.10/site-packages/depth_estimation_pkg/__init__.py to __init__.cpython-310.pyc
[1.445s] running install_data
[1.445s] creating /home/uhreed/yolo_ws/install/depth_estimation_pkg/share/ament_index
[1.446s] creating /home/uhreed/yolo_ws/install/depth_estimation_pkg/share/ament_index/resource_index
[1.446s] creating /home/uhreed/yolo_ws/install/depth_estimation_pkg/share/ament_index/resource_index/packages
[1.446s] copying resource/depth_estimation_pkg -> /home/uhreed/yolo_ws/install/depth_estimation_pkg/share/ament_index/resource_index/packages
[1.446s] copying package.xml -> /home/uhreed/yolo_ws/install/depth_estimation_pkg/share/depth_estimation_pkg
[1.446s] running install_egg_info
[1.467s] Copying ../../build/depth_estimation_pkg/depth_estimation_pkg.egg-info to /home/uhreed/yolo_ws/install/depth_estimation_pkg/lib/python3.10/site-packages/depth_estimation_pkg-0.0.0-py3.10.egg-info
[1.468s] running install_scripts
[1.647s] Installing depth_subscriber script to /home/uhreed/yolo_ws/install/depth_estimation_pkg/lib/depth_estimation_pkg
[1.647s] writing list of installed files to '/home/uhreed/yolo_ws/build/depth_estimation_pkg/install.log'
[1.679s] Invoked command in '/home/uhreed/yolo_ws/src/depth_estimation_pkg' returned '0': PYTHONPATH=/home/uhreed/yolo_ws/build/depth_estimation_pkg/prefix_override:/usr/lib/python3/dist-packages/colcon_core/task/python/colcon_distutils_commands:/home/uhreed/yolo_ws/install/depth_estimation_pkg/lib/python3.10/site-packages:${PYTHONPATH} /usr/bin/python3 -W ignore:setup.py install is deprecated -W ignore:easy_install command is deprecated setup.py egg_info --egg-base ../../build/depth_estimation_pkg build --build-base /home/uhreed/yolo_ws/build/depth_estimation_pkg/build install --record /home/uhreed/yolo_ws/build/depth_estimation_pkg/install.log --single-version-externally-managed install_data
